Last updated on: Mon Feb 23 09:30:56 UTC 2026
Last updated on: Mon Feb 23 09:34:35 UTC 2026
Last updated on: Mon Feb 23 17:50:05 UTC 2026
Last updated on: Mon Feb 23 18:49:22 UTC 2026
Last updated on: Tue Feb 24 03:12:33 UTC 2026
Last updated on: Wed Feb 25 03:13:18 UTC 2026
Last updated on: Thu Feb 26 02:52:46 UTC 2026
Last updated on: Fri Feb 27 02:50:29 UTC 2026
Last updated on: Sat Feb 28 02:38:25 UTC 2026
Last updated on: Sun Mar  1 03:22:02 UTC 2026
Last updated on: Mon Mar  2 02:52:04 UTC 2026
Last updated on: Tue Mar  3 03:12:12 UTC 2026
Last updated on: Wed Mar  4 02:48:39 UTC 2026
Last updated on: Thu Mar  5 02:51:24 UTC 2026
Last updated on: Fri Mar  6 02:49:18 UTC 2026
Last updated on: Sat Mar  7 02:42:52 UTC 2026
Last updated on: Sun Mar  8 03:10:39 UTC 2026
Last updated on: Mon Mar  9 03:13:41 UTC 2026
Last updated on: Tue Mar 10 02:48:17 UTC 2026
Last updated on: Wed Mar 11 02:47:59 UTC 2026
Last updated on: Thu Mar 12 02:53:08 UTC 2026
Last updated on: Fri Mar 13 02:50:41 UTC 2026
Last updated on: Sat Mar 14 02:49:16 UTC 2026
Last updated on: Sun Mar 15 03:29:18 UTC 2026
Last updated on: Mon Mar 16 03:31:45 UTC 2026
Last updated on: Tue Mar 17 02:53:14 UTC 2026
Last updated on: Wed Mar 18 03:17:51 UTC 2026
Last updated on: Thu Mar 19 03:18:34 UTC 2026
Last updated on: Fri Mar 20 02:52:12 UTC 2026
Last updated on: Sat Mar 21 02:45:49 UTC 2026
Last updated on: Sun Mar 22 03:19:08 UTC 2026
Last updated on: Mon Mar 23 03:21:54 UTC 2026
Last updated on: Tue Mar 24 03:11:23 UTC 2026
Last updated on: Wed Mar 25 03:16:17 UTC 2026
Last updated on: Thu Mar 26 03:25:15 UTC 2026
Last updated on: Fri Mar 27 03:27:46 UTC 2026
Last updated on: Sat Mar 28 03:14:07 UTC 2026
Last updated on: Sun Mar 29 03:33:05 UTC 2026
Last updated on: Mon Mar 30 03:35:58 UTC 2026
Last updated on: Tue Mar 31 03:27:03 UTC 2026
Last updated on: Wed Apr  1 03:41:19 UTC 2026
Last updated on: Thu Apr  2 03:23:37 UTC 2026
Last updated on: Fri Apr  3 03:25:11 UTC 2026
Last updated on: Sat Apr  4 03:13:11 UTC 2026
Last updated on: Sun Apr  5 03:35:10 UTC 2026
Last updated on: Mon Apr  6 03:37:10 UTC 2026
Last updated on: Tue Apr  7 03:28:12 UTC 2026
Last updated on: Wed Apr  8 03:29:42 UTC 2026
Last updated on: Thu Apr  9 03:25:50 UTC 2026
Last updated on: Fri Apr 10 03:37:43 UTC 2026
Last updated on: Sat Apr 11 03:16:50 UTC 2026
Last updated on: Sun Apr 12 03:43:37 UTC 2026
Last updated on: Mon Apr 13 03:50:14 UTC 2026
Last updated on: Tue Apr 14 03:37:31 UTC 2026
Last updated on: Wed Apr 15 03:36:48 UTC 2026
Last updated on: Thu Apr 16 03:44:19 UTC 2026
Last updated on: Fri Apr 17 03:41:40 UTC 2026
Last updated on: Sat Apr 18 03:27:52 UTC 2026
Last updated on: Sun Apr 19 03:47:28 UTC 2026
